[35m[1mScanning dependencies of target libhokuyo[0m
[ 11%] [32mBuilding CXX object CMakeFiles/libhokuyo.dir/src/hokuyo.cpp.o[0m
[ 22%] [32m[1mLinking CXX shared library /home/sdc/sandbox/f1tenth_ws/devel/.private/hokuyo_node/lib/liblibhokuyo.so[0m
[ 22%] Built target libhokuyo
[35m[1mScanning dependencies of target hokuyo_node_gencfg[0m
[ 33%] [34m[1mGenerating dynamic reconfigure files from cfg/Hokuyo.cfg: /home/sdc/sandbox/f1tenth_ws/devel/.private/hokuyo_node/include/hokuyo_node/HokuyoConfig.h /home/sdc/sandbox/f1tenth_ws/devel/.private/hokuyo_node/lib/python2.7/dist-packages/hokuyo_node/cfg/HokuyoConfig.py[0m
Generating reconfiguration files for Hokuyo in hokuyo_node
Wrote header file in /home/sdc/sandbox/f1tenth_ws/devel/.private/hokuyo_node/include/hokuyo_node/HokuyoConfig.h
[ 33%] Built target hokuyo_node_gencfg
[35m[1mScanning dependencies of target getFirmwareVersion[0m
[ 44%] [32mBuilding CXX object CMakeFiles/getFirmwareVersion.dir/src/getFirmwareVersion.cpp.o[0m
[ 55%] [32m[1mLinking CXX executable /home/sdc/sandbox/f1tenth_ws/devel/.private/hokuyo_node/lib/hokuyo_node/getFirmwareVersion[0m
[ 55%] Built target getFirmwareVersion
[35m[1mScanning dependencies of target hokuyo_node[0m
[ 66%] [32mBuilding CXX object CMakeFiles/hokuyo_node.dir/src/hokuyo_node.cpp.o[0m
[ 77%] [32m[1mLinking CXX executable /home/sdc/sandbox/f1tenth_ws/devel/.private/hokuyo_node/lib/hokuyo_node/hokuyo_node[0m
[ 77%] Built target hokuyo_node
[35m[1mScanning dependencies of target getID[0m
[ 88%] [32mBuilding CXX object CMakeFiles/getID.dir/src/getID.cpp.o[0m
[100%] [32m[1mLinking CXX executable /home/sdc/sandbox/f1tenth_ws/devel/.private/hokuyo_node/lib/hokuyo_node/getID[0m
[100%] Built target getID
